<?xml version="1.0" encoding="UTF-8"?>
<testsuite xmlns:xsi="http://www.w3.org/2001/XMLSchema-instance" xsi:noNamespaceSchemaLocation="https://maven.apache.org/surefire/maven-surefire-plugin/xsd/surefire-test-report-3.0.xsd" version="3.0" name="springtesting.integration.ProductIntegrationTest" time="3.177" tests="3" errors="0" skipped="0" failures="0">
  <properties>
[...]
</properties>
  <testcase name="testCreateAndRetrieveProduct" classname="springtesting.integration.ProductIntegrationTest" time="0.148">
    <system-out><![CDATA[
  .   ____          _            __ _ _
 /\\ / ___'_ __ _ _(_)_ __  __ _ \ \ \ \
( ( )\___ | '_ | '_| | '_ \/ _` | \ \ \ \
 \\/  ___)| |_)| | | | | || (_| |  ) ) ) )
  '  |____| .__|_| |_|_| |_\__, | / / / /
 =========|_|==============|___/=/_/_/_/

 :: Spring Boot ::                (v3.3.6)

2026-06-27 13:31:36.731 [main] INFO  s.integration.ProductIntegrationTest - Starting ProductIntegrationTest using Java 21 with PID 21288 (started by fruit in D:\Cognizant-JAVA-FSE-Digital-Nurture-5.0\FSE construct - Programming Languages\Module 4 - Test driven development and Logging framework\JUnit-Framework\test)
2026-06-27 13:31:36.731 [main] DEBUG s.integration.ProductIntegrationTest - Running with Spring Boot v3.3.6, Spring v6.1.15
2026-06-27 13:31:36.731 [main] INFO  s.integration.ProductIntegrationTest - The following 1 profile is active: "test"
2026-06-27 13:31:37.035 [main] INFO  o.s.d.r.c.RepositoryConfigurationDelegate - Bootstrapping Spring Data JPA repositories in DEFAULT mode.
2026-06-27 13:31:37.084 [main] INFO  o.s.d.r.c.RepositoryConfigurationDelegate - Finished Spring Data repository scanning in 41 ms. Found 1 JPA repository interface.
2026-06-27 13:31:37.403 [main] INFO  o.h.jpa.internal.util.LogHelper - HHH000204: Processing PersistenceUnitInfo [name: default]
2026-06-27 13:31:37.475 [main] INFO  org.hibernate.Version - HHH000412: Hibernate ORM core version 6.5.3.Final
2026-06-27 13:31:37.515 [main] INFO  o.h.c.i.RegionFactoryInitiator - HHH000026: Second-level cache disabled
2026-06-27 13:31:37.662 [main] INFO  o.s.o.j.p.SpringPersistenceUnitInfo - No LoadTimeWeaver setup: ignoring JPA class transformer
2026-06-27 13:31:37.693 [main] INFO  com.zaxxer.hikari.HikariDataSource - HikariPool-1 - Starting...
2026-06-27 13:31:37.907 [main] INFO  com.zaxxer.hikari.pool.HikariPool - HikariPool-1 - Added connection conn0: url=jdbc:h2:mem:testdb user=SA
2026-06-27 13:31:37.908 [main] INFO  com.zaxxer.hikari.HikariDataSource - HikariPool-1 - Start completed.
2026-06-27 13:31:37.940 [main] WARN  org.hibernate.orm.deprecation - HHH90000025: H2Dialect does not need to be specified explicitly using 'hibernate.dialect' (remove the property setting and it will be selected by default)
2026-06-27 13:31:38.621 [main] INFO  o.h.e.t.j.p.i.JtaPlatformInitiator - HHH000489: No JTA platform available (set 'hibernate.transaction.jta.platform' to enable JTA platform integration)
2026-06-27 13:31:38.641 [main] DEBUG org.hibernate.SQL - drop table if exists products cascade 
Hibernate: drop table if exists products cascade 
2026-06-27 13:31:38.653 [main] DEBUG org.hibernate.SQL - create table products (price float(53) not null, id bigint generated by default as identity, category varchar(255), name varchar(255) not null, primary key (id))
Hibernate: create table products (price float(53) not null, id bigint generated by default as identity, category varchar(255), name varchar(255) not null, primary key (id))
2026-06-27 13:31:38.665 [main] INFO  o.s.o.j.LocalContainerEntityManagerFactoryBean - Initialized JPA EntityManagerFactory for persistence unit 'default'
2026-06-27 13:31:39.121 [main] WARN  o.s.b.a.o.j.JpaBaseConfiguration$JpaWebConfiguration - spring.jpa.open-in-view is enabled by default. Therefore, database queries may be performed during view rendering. Explicitly configure spring.jpa.open-in-view to disable this warning
2026-06-27 13:31:39.282 [main] INFO  s.integration.ProductIntegrationTest - Started ProductIntegrationTest in 2.588 seconds (process running for 8.695)
2026-06-27 13:31:39.328 [main] DEBUG org.hibernate.SQL - insert into products (category,name,price,id) values (?,?,?,default)
Hibernate: insert into products (category,name,price,id) values (?,?,?,default)
2026-06-27 13:31:39.423 [main] DEBUG org.hibernate.SQL - select p1_0.id,p1_0.category,p1_0.name,p1_0.price from products p1_0 where p1_0.id=?
Hibernate: select p1_0.id,p1_0.category,p1_0.name,p1_0.price from products p1_0 where p1_0.id=?
]]></system-out>
  </testcase>
  <testcase name="testGetProductsByCategory" classname="springtesting.integration.ProductIntegrationTest" time="0.132">
    <system-out><![CDATA[2026-06-27 13:31:39.436 [main] DEBUG org.hibernate.SQL - insert into products (category,name,price,id) values (?,?,?,default)
Hibernate: insert into products (category,name,price,id) values (?,?,?,default)
2026-06-27 13:31:39.438 [main] DEBUG org.hibernate.SQL - insert into products (category,name,price,id) values (?,?,?,default)
Hibernate: insert into products (category,name,price,id) values (?,?,?,default)
2026-06-27 13:31:39.559 [main] DEBUG org.hibernate.SQL - select p1_0.id,p1_0.category,p1_0.name,p1_0.price from products p1_0 where p1_0.category=?
Hibernate: select p1_0.id,p1_0.category,p1_0.name,p1_0.price from products p1_0 where p1_0.category=?
]]></system-out>
  </testcase>
  <testcase name="testDeleteProduct" classname="springtesting.integration.ProductIntegrationTest" time="0.294">
    <system-out><![CDATA[2026-06-27 13:31:39.569 [main] DEBUG org.hibernate.SQL - insert into products (category,name,price,id) values (?,?,?,default)
Hibernate: insert into products (category,name,price,id) values (?,?,?,default)
2026-06-27 13:31:39.841 [main] DEBUG org.hibernate.SQL - select count(*) from products p1_0 where p1_0.id=?
Hibernate: select count(*) from products p1_0 where p1_0.id=?
2026-06-27 13:31:39.848 [main] DEBUG org.hibernate.SQL - select p1_0.id,p1_0.category,p1_0.name,p1_0.price from products p1_0 where p1_0.id=?
Hibernate: select p1_0.id,p1_0.category,p1_0.name,p1_0.price from products p1_0 where p1_0.id=?
2026-06-27 13:31:39.855 [main] DEBUG org.hibernate.SQL - delete from products where id=?
Hibernate: delete from products where id=?
2026-06-27 13:31:39.858 [main] DEBUG org.hibernate.SQL - select p1_0.id,p1_0.category,p1_0.name,p1_0.price from products p1_0 where p1_0.id=?
Hibernate: select p1_0.id,p1_0.category,p1_0.name,p1_0.price from products p1_0 where p1_0.id=?
]]></system-out>
  </testcase>
</testsuite>